{"D:\\SkyNet-DSA\\graph\\Dijkstra.js": {"path":"D:\\SkyNet-DSA\\graph\\Dijkstra.js","statementMap":{"0":{"start":{"line":3,"column":22},"end":{"line":3,"column":24}},"1":{"start":{"line":4,"column":20},"end":{"line":4,"column":22}},"2":{"start":{"line":5,"column":21},"end":{"line":5,"column":23}},"3":{"start":{"line":7,"column":4},"end":{"line":10,"column":5}},"4":{"start":{"line":8,"column":6},"end":{"line":8,"column":64}},"5":{"start":{"line":9,"column":6},"end":{"line":9,"column":30}},"6":{"start":{"line":12,"column":4},"end":{"line":38,"column":5}},"7":{"start":{"line":12,"column":17},"end":{"line":12,"column":18}},"8":{"start":{"line":13,"column":24},"end":{"line":13,"column":32}},"9":{"start":{"line":14,"column":22},"end":{"line":14,"column":26}},"10":{"start":{"line":16,"column":6},"end":{"line":21,"column":7}},"11":{"start":{"line":17,"column":8},"end":{"line":20,"column":9}},"12":{"start":{"line":18,"column":10},"end":{"line":18,"column":42}},"13":{"start":{"line":19,"column":10},"end":{"line":19,"column":29}},"14":{"start":{"line":23,"column":6},"end":{"line":23,"column":36}},"15":{"start":{"line":23,"column":30},"end":{"line":23,"column":36}},"16":{"start":{"line":24,"column":6},"end":{"line":24,"column":32}},"17":{"start":{"line":26,"column":6},"end":{"line":37,"column":7}},"18":{"start":{"line":27,"column":23},"end":{"line":27,"column":34}},"19":{"start":{"line":28,"column":23},"end":{"line":28,"column":34}},"20":{"start":{"line":30,"column":8},"end":{"line":36,"column":9}},"21":{"start":{"line":31,"column":28},"end":{"line":31,"column":59}},"22":{"start":{"line":32,"column":10},"end":{"line":35,"column":11}},"23":{"start":{"line":33,"column":12},"end":{"line":33,"column":46}},"24":{"start":{"line":34,"column":12},"end":{"line":34,"column":43}},"25":{"start":{"line":40,"column":4},"end":{"line":40,"column":35}},"26":{"start":{"line":44,"column":15},"end":{"line":44,"column":17}},"27":{"start":{"line":45,"column":18},"end":{"line":45,"column":27}},"28":{"start":{"line":47,"column":4},"end":{"line":50,"column":5}},"29":{"start":{"line":48,"column":6},"end":{"line":48,"column":28}},"30":{"start":{"line":49,"column":6},"end":{"line":49,"column":34}},"31":{"start":{"line":52,"column":4},"end":{"line":52,"column":47}},"32":{"start":{"line":56,"column":0},"end":{"line":56,"column":26}}},"fnMap":{"0":{"name":"(anonymous_0)","decl":{"start":{"line":2,"column":2},"end":{"line":2,"column":3}},"loc":{"start":{"line":2,"column":47},"end":{"line":41,"column":3}},"line":2},"1":{"name":"(anonymous_1)","decl":{"start":{"line":43,"column":2},"end":{"line":43,"column":3}},"loc":{"start":{"line":43,"column":51},"end":{"line":53,"column":3}},"line":43}},"branchMap":{"0":{"loc":{"start":{"line":8,"column":26},"end":{"line":8,"column":63}},"type":"cond-expr","locations":[{"start":{"line":8,"column":51},"end":{"line":8,"column":52}},{"start":{"line":8,"column":55},"end":{"line":8,"column":63}}],"line":8},"1":{"loc":{"start":{"line":17,"column":8},"end":{"line":20,"column":9}},"type":"if","locations":[{"start":{"line":17,"column":8},"end":{"line":20,"column":9}},{"start":{},"end":{}}],"line":17},"2":{"loc":{"start":{"line":17,"column":12},"end":{"line":17,"column":63}},"type":"binary-expr","locations":[{"start":{"line":17,"column":12},"end":{"line":17,"column":28}},{"start":{"line":17,"column":32},"end":{"line":17,"column":63}}],"line":17},"3":{"loc":{"start":{"line":23,"column":6},"end":{"line":23,"column":36}},"type":"if","locations":[{"start":{"line":23,"column":6},"end":{"line":23,"column":36}},{"start":{},"end":{}}],"line":23},"4":{"loc":{"start":{"line":30,"column":8},"end":{"line":36,"column":9}},"type":"if","locations":[{"start":{"line":30,"column":8},"end":{"line":36,"column":9}},{"start":{},"end":{}}],"line":30},"5":{"loc":{"start":{"line":32,"column":10},"end":{"line":35,"column":11}},"type":"if","locations":[{"start":{"line":32,"column":10},"end":{"line":35,"column":11}},{"start":{},"end":{}}],"line":32},"6":{"loc":{"start":{"line":52,"column":11},"end":{"line":52,"column":46}},"type":"cond-expr","locations":[{"start":{"line":52,"column":37},"end":{"line":52,"column":41}},{"start":{"line":52,"column":44},"end":{"line":52,"column":46}}],"line":52}},"s":{"0":4,"1":4,"2":4,"3":4,"4":15,"5":15,"6":4,"7":4,"8":15,"9":15,"10":15,"11":63,"12":15,"13":15,"14":15,"15":2,"16":13,"17":13,"18":30,"19":30,"20":30,"21":15,"22":15,"23":15,"24":15,"25":4,"26":2,"27":2,"28":2,"29":5,"30":5,"31":2,"32":1},"f":{"0":4,"1":2},"b":{"0":[4,11],"1":[15,48],"2":[63,39],"3":[2,13],"4":[15,15],"5":[15,0],"6":[1,1]},"_coverageSchema":"1a1c01bbd47fc00a2c39e90264f33305004495a9","hash":"2b3adb647dbc392b8211a1c5c2950e4e7562ec6e"}
,"D:\\SkyNet-DSA\\graph\\Graph.js": {"path":"D:\\SkyNet-DSA\\graph\\Graph.js","statementMap":{"0":{"start":{"line":3,"column":4},"end":{"line":3,"column":23}},"1":{"start":{"line":4,"column":4},"end":{"line":4,"column":28}},"2":{"start":{"line":5,"column":4},"end":{"line":5,"column":33}},"3":{"start":{"line":9,"column":4},"end":{"line":12,"column":5}},"4":{"start":{"line":10,"column":6},"end":{"line":10,"column":33}},"5":{"start":{"line":11,"column":6},"end":{"line":11,"column":38}},"6":{"start":{"line":16,"column":4},"end":{"line":18,"column":5}},"7":{"start":{"line":17,"column":6},"end":{"line":17,"column":30}},"8":{"start":{"line":19,"column":4},"end":{"line":21,"column":5}},"9":{"start":{"line":20,"column":6},"end":{"line":20,"column":30}},"10":{"start":{"line":23,"column":4},"end":{"line":23,"column":66}},"11":{"start":{"line":25,"column":4},"end":{"line":27,"column":5}},"12":{"start":{"line":26,"column":6},"end":{"line":26,"column":68}},"13":{"start":{"line":31,"column":4},"end":{"line":31,"column":25}},"14":{"start":{"line":35,"column":4},"end":{"line":35,"column":38}},"15":{"start":{"line":39,"column":17},"end":{"line":39,"column":19}},"16":{"start":{"line":40,"column":4},"end":{"line":46,"column":5}},"17":{"start":{"line":41,"column":6},"end":{"line":41,"column":32}},"18":{"start":{"line":42,"column":6},"end":{"line":44,"column":7}},"19":{"start":{"line":43,"column":8},"end":{"line":43,"column":52}},"20":{"start":{"line":45,"column":6},"end":{"line":45,"column":21}},"21":{"start":{"line":47,"column":4},"end":{"line":47,"column":24}},"22":{"start":{"line":51,"column":0},"end":{"line":51,"column":23}}},"fnMap":{"0":{"name":"(anonymous_0)","decl":{"start":{"line":2,"column":2},"end":{"line":2,"column":3}},"loc":{"start":{"line":2,"column":34},"end":{"line":6,"column":3}},"line":2},"1":{"name":"(anonymous_1)","decl":{"start":{"line":8,"column":2},"end":{"line":8,"column":3}},"loc":{"start":{"line":8,"column":20},"end":{"line":13,"column":3}},"line":8},"2":{"name":"(anonymous_2)","decl":{"start":{"line":15,"column":2},"end":{"line":15,"column":3}},"loc":{"start":{"line":15,"column":40},"end":{"line":28,"column":3}},"line":15},"3":{"name":"(anonymous_3)","decl":{"start":{"line":30,"column":2},"end":{"line":30,"column":3}},"loc":{"start":{"line":30,"column":16},"end":{"line":32,"column":3}},"line":30},"4":{"name":"(anonymous_4)","decl":{"start":{"line":34,"column":2},"end":{"line":34,"column":3}},"loc":{"start":{"line":34,"column":19},"end":{"line":36,"column":3}},"line":34},"5":{"name":"(anonymous_5)","decl":{"start":{"line":38,"column":2},"end":{"line":38,"column":3}},"loc":{"start":{"line":38,"column":10},"end":{"line":48,"column":3}},"line":38}},"branchMap":{"0":{"loc":{"start":{"line":2,"column":14},"end":{"line":2,"column":32}},"type":"default-arg","locations":[{"start":{"line":2,"column":27},"end":{"line":2,"column":32}}],"line":2},"1":{"loc":{"start":{"line":9,"column":4},"end":{"line":12,"column":5}},"type":"if","locations":[{"start":{"line":9,"column":4},"end":{"line":12,"column":5}},{"start":{},"end":{}}],"line":9},"2":{"loc":{"start":{"line":15,"column":28},"end":{"line":15,"column":38}},"type":"default-arg","locations":[{"start":{"line":15,"column":37},"end":{"line":15,"column":38}}],"line":15},"3":{"loc":{"start":{"line":16,"column":4},"end":{"line":18,"column":5}},"type":"if","locations":[{"start":{"line":16,"column":4},"end":{"line":18,"column":5}},{"start":{},"end":{}}],"line":16},"4":{"loc":{"start":{"line":19,"column":4},"end":{"line":21,"column":5}},"type":"if","locations":[{"start":{"line":19,"column":4},"end":{"line":21,"column":5}},{"start":{},"end":{}}],"line":19},"5":{"loc":{"start":{"line":25,"column":4},"end":{"line":27,"column":5}},"type":"if","locations":[{"start":{"line":25,"column":4},"end":{"line":27,"column":5}},{"start":{},"end":{}}],"line":25}},"s":{"0":20,"1":20,"2":20,"3":62,"4":61,"5":61,"6":62,"7":3,"8":62,"9":4,"10":62,"11":62,"12":61,"13":41,"14":22,"15":0,"16":0,"17":0,"18":0,"19":0,"20":0,"21":0,"22":3},"f":{"0":20,"1":62,"2":62,"3":41,"4":22,"5":0},"b":{"0":[19],"1":[61,1],"2":[0],"3":[3,59],"4":[4,58],"5":[61,1]},"_coverageSchema":"1a1c01bbd47fc00a2c39e90264f33305004495a9","hash":"be61b6ece463078b44beef5beaff6fda447fffe5"}
,"D:\\SkyNet-DSA\\graph\\Kruskal.js": {"path":"D:\\SkyNet-DSA\\graph\\Kruskal.js","statementMap":{"0":{"start":{"line":3,"column":4},"end":{"line":3,"column":52}},"1":{"start":{"line":3,"column":49},"end":{"line":3,"column":50}},"2":{"start":{"line":4,"column":4},"end":{"line":4,"column":33}},"3":{"start":{"line":8,"column":4},"end":{"line":10,"column":5}},"4":{"start":{"line":9,"column":6},"end":{"line":9,"column":49}},"5":{"start":{"line":11,"column":4},"end":{"line":11,"column":26}},"6":{"start":{"line":15,"column":16},"end":{"line":15,"column":28}},"7":{"start":{"line":16,"column":16},"end":{"line":16,"column":28}},"8":{"start":{"line":18,"column":4},"end":{"line":18,"column":38}},"9":{"start":{"line":18,"column":25},"end":{"line":18,"column":38}},"10":{"start":{"line":20,"column":4},"end":{"line":27,"column":5}},"11":{"start":{"line":21,"column":6},"end":{"line":21,"column":33}},"12":{"start":{"line":22,"column":11},"end":{"line":27,"column":5}},"13":{"start":{"line":23,"column":6},"end":{"line":23,"column":33}},"14":{"start":{"line":25,"column":6},"end":{"line":25,"column":33}},"15":{"start":{"line":26,"column":6},"end":{"line":26,"column":25}},"16":{"start":{"line":28,"column":4},"end":{"line":28,"column":16}},"17":{"start":{"line":34,"column":4},"end":{"line":34,"column":46}},"18":{"start":{"line":34,"column":25},"end":{"line":34,"column":44}},"19":{"start":{"line":36,"column":15},"end":{"line":36,"column":38}},"20":{"start":{"line":37,"column":16},"end":{"line":37,"column":18}},"21":{"start":{"line":38,"column":22},"end":{"line":38,"column":23}},"22":{"start":{"line":40,"column":4},"end":{"line":45,"column":5}},"23":{"start":{"line":41,"column":6},"end":{"line":44,"column":7}},"24":{"start":{"line":42,"column":8},"end":{"line":42,"column":23}},"25":{"start":{"line":43,"column":8},"end":{"line":43,"column":35}},"26":{"start":{"line":47,"column":4},"end":{"line":47,"column":32}},"27":{"start":{"line":51,"column":0},"end":{"line":51,"column":25}}},"fnMap":{"0":{"name":"(anonymous_0)","decl":{"start":{"line":2,"column":2},"end":{"line":2,"column":3}},"loc":{"start":{"line":2,"column":17},"end":{"line":5,"column":3}},"line":2},"1":{"name":"(anonymous_1)","decl":{"start":{"line":3,"column":39},"end":{"line":3,"column":40}},"loc":{"start":{"line":3,"column":49},"end":{"line":3,"column":50}},"line":3},"2":{"name":"(anonymous_2)","decl":{"start":{"line":7,"column":2},"end":{"line":7,"column":3}},"loc":{"start":{"line":7,"column":10},"end":{"line":12,"column":3}},"line":7},"3":{"name":"(anonymous_3)","decl":{"start":{"line":14,"column":2},"end":{"line":14,"column":3}},"loc":{"start":{"line":14,"column":14},"end":{"line":29,"column":3}},"line":14},"4":{"name":"(anonymous_4)","decl":{"start":{"line":33,"column":2},"end":{"line":33,"column":3}},"loc":{"start":{"line":33,"column":37},"end":{"line":48,"column":3}},"line":33},"5":{"name":"(anonymous_5)","decl":{"start":{"line":34,"column":15},"end":{"line":34,"column":16}},"loc":{"start":{"line":34,"column":25},"end":{"line":34,"column":44}},"line":34}},"branchMap":{"0":{"loc":{"start":{"line":8,"column":4},"end":{"line":10,"column":5}},"type":"if","locations":[{"start":{"line":8,"column":4},"end":{"line":10,"column":5}},{"start":{},"end":{}}],"line":8},"1":{"loc":{"start":{"line":18,"column":4},"end":{"line":18,"column":38}},"type":"if","locations":[{"start":{"line":18,"column":4},"end":{"line":18,"column":38}},{"start":{},"end":{}}],"line":18},"2":{"loc":{"start":{"line":20,"column":4},"end":{"line":27,"column":5}},"type":"if","locations":[{"start":{"line":20,"column":4},"end":{"line":27,"column":5}},{"start":{"line":22,"column":11},"end":{"line":27,"column":5}}],"line":20},"3":{"loc":{"start":{"line":22,"column":11},"end":{"line":27,"column":5}},"type":"if","locations":[{"start":{"line":22,"column":11},"end":{"line":27,"column":5}},{"start":{"line":24,"column":11},"end":{"line":27,"column":5}}],"line":22},"4":{"loc":{"start":{"line":41,"column":6},"end":{"line":44,"column":7}},"type":"if","locations":[{"start":{"line":41,"column":6},"end":{"line":44,"column":7}},{"start":{},"end":{}}],"line":41}},"s":{"0":5,"1":23,"2":5,"3":84,"4":28,"5":84,"6":28,"7":28,"8":28,"9":12,"10":16,"11":4,"12":12,"13":0,"14":12,"15":12,"16":16,"17":5,"18":48,"19":5,"20":5,"21":5,"22":5,"23":28,"24":16,"25":16,"26":5,"27":1},"f":{"0":5,"1":23,"2":84,"3":28,"4":5,"5":48},"b":{"0":[28,56],"1":[12,16],"2":[4,12],"3":[0,12],"4":[16,12]},"_coverageSchema":"1a1c01bbd47fc00a2c39e90264f33305004495a9","hash":"62960dc6d6d1554af6cad732f29c5c5b68ce8f3f"}
,"D:\\SkyNet-DSA\\graph\\Prim.js": {"path":"D:\\SkyNet-DSA\\graph\\Prim.js","statementMap":{"0":{"start":{"line":3,"column":21},"end":{"line":3,"column":40}},"1":{"start":{"line":4,"column":4},"end":{"line":4,"column":66}},"2":{"start":{"line":4,"column":31},"end":{"line":4,"column":66}},"3":{"start":{"line":6,"column":18},"end":{"line":6,"column":20}},"4":{"start":{"line":7,"column":16},"end":{"line":7,"column":18}},"5":{"start":{"line":8,"column":19},"end":{"line":8,"column":21}},"6":{"start":{"line":9,"column":16},"end":{"line":9,"column":18}},"7":{"start":{"line":10,"column":22},"end":{"line":10,"column":23}},"8":{"start":{"line":12,"column":4},"end":{"line":16,"column":5}},"9":{"start":{"line":13,"column":6},"end":{"line":13,"column":29}},"10":{"start":{"line":14,"column":6},"end":{"line":14,"column":28}},"11":{"start":{"line":15,"column":6},"end":{"line":15,"column":28}},"12":{"start":{"line":18,"column":4},"end":{"line":18,"column":25}},"13":{"start":{"line":20,"column":4},"end":{"line":43,"column":5}},"14":{"start":{"line":20,"column":17},"end":{"line":20,"column":18}},"15":{"start":{"line":21,"column":19},"end":{"line":21,"column":27}},"16":{"start":{"line":22,"column":22},"end":{"line":22,"column":26}},"17":{"start":{"line":24,"column":6},"end":{"line":29,"column":7}},"18":{"start":{"line":25,"column":8},"end":{"line":28,"column":9}},"19":{"start":{"line":26,"column":10},"end":{"line":26,"column":31}},"20":{"start":{"line":27,"column":10},"end":{"line":27,"column":29}},"21":{"start":{"line":31,"column":6},"end":{"line":31,"column":36}},"22":{"start":{"line":31,"column":30},"end":{"line":31,"column":36}},"23":{"start":{"line":32,"column":6},"end":{"line":32,"column":30}},"24":{"start":{"line":34,"column":6},"end":{"line":42,"column":7}},"25":{"start":{"line":35,"column":23},"end":{"line":35,"column":34}},"26":{"start":{"line":36,"column":21},"end":{"line":36,"column":32}},"27":{"start":{"line":38,"column":8},"end":{"line":41,"column":9}},"28":{"start":{"line":39,"column":10},"end":{"line":39,"column":33}},"29":{"start":{"line":40,"column":10},"end":{"line":40,"column":39}},"30":{"start":{"line":45,"column":4},"end":{"line":50,"column":5}},"31":{"start":{"line":46,"column":6},"end":{"line":49,"column":7}},"32":{"start":{"line":47,"column":8},"end":{"line":47,"column":72}},"33":{"start":{"line":48,"column":8},"end":{"line":48,"column":35}},"34":{"start":{"line":52,"column":4},"end":{"line":52,"column":32}},"35":{"start":{"line":56,"column":0},"end":{"line":56,"column":22}}},"fnMap":{"0":{"name":"(anonymous_0)","decl":{"start":{"line":2,"column":2},"end":{"line":2,"column":3}},"loc":{"start":{"line":2,"column":24},"end":{"line":53,"column":3}},"line":2}},"branchMap":{"0":{"loc":{"start":{"line":4,"column":4},"end":{"line":4,"column":66}},"type":"if","locations":[{"start":{"line":4,"column":4},"end":{"line":4,"column":66}},{"start":{},"end":{}}],"line":4},"1":{"loc":{"start":{"line":25,"column":8},"end":{"line":28,"column":9}},"type":"if","locations":[{"start":{"line":25,"column":8},"end":{"line":28,"column":9}},{"start":{},"end":{}}],"line":25},"2":{"loc":{"start":{"line":25,"column":12},"end":{"line":25,"column":50}},"type":"binary-expr","locations":[{"start":{"line":25,"column":12},"end":{"line":25,"column":26}},{"start":{"line":25,"column":30},"end":{"line":25,"column":50}}],"line":25},"3":{"loc":{"start":{"line":31,"column":6},"end":{"line":31,"column":36}},"type":"if","locations":[{"start":{"line":31,"column":6},"end":{"line":31,"column":36}},{"start":{},"end":{}}],"line":31},"4":{"loc":{"start":{"line":38,"column":8},"end":{"line":41,"column":9}},"type":"if","locations":[{"start":{"line":38,"column":8},"end":{"line":41,"column":9}},{"start":{},"end":{}}],"line":38},"5":{"loc":{"start":{"line":38,"column":12},"end":{"line":38,"column":54}},"type":"binary-expr","locations":[{"start":{"line":38,"column":12},"end":{"line":38,"column":28}},{"start":{"line":38,"column":32},"end":{"line":38,"column":54}}],"line":38},"6":{"loc":{"start":{"line":46,"column":6},"end":{"line":49,"column":7}},"type":"if","locations":[{"start":{"line":46,"column":6},"end":{"line":49,"column":7}},{"start":{},"end":{}}],"line":46}},"s":{"0":4,"1":4,"2":1,"3":3,"4":3,"5":3,"6":3,"7":3,"8":3,"9":11,"10":11,"11":11,"12":3,"13":3,"14":3,"15":8,"16":8,"17":8,"18":40,"19":10,"20":10,"21":8,"22":0,"23":8,"24":8,"25":24,"26":24,"27":24,"28":14,"29":14,"30":3,"31":11,"32":8,"33":8,"34":3,"35":1},"f":{"0":4},"b":{"0":[1,3],"1":[10,30],"2":[40,28],"3":[0,8],"4":[14,10],"5":[24,14],"6":[8,3]},"_coverageSchema":"1a1c01bbd47fc00a2c39e90264f33305004495a9","hash":"53288e74c27e7187650fecf6e428e6abd9b46b0a"}
,"D:\\SkyNet-DSA\\hashing\\HashTable.js": {"path":"D:\\SkyNet-DSA\\hashing\\HashTable.js","statementMap":{"0":{"start":{"line":3,"column":4},"end":{"line":3,"column":34}},"1":{"start":{"line":7,"column":16},"end":{"line":7,"column":17}},"2":{"start":{"line":8,"column":22},"end":{"line":8,"column":24}},"3":{"start":{"line":9,"column":4},"end":{"line":12,"column":5}},"4":{"start":{"line":9,"column":17},"end":{"line":9,"column":18}},"5":{"start":{"line":10,"column":17},"end":{"line":10,"column":39}},"6":{"start":{"line":11,"column":6},"end":{"line":11,"column":64}},"7":{"start":{"line":13,"column":4},"end":{"line":13,"column":17}},"8":{"start":{"line":17,"column":16},"end":{"line":17,"column":31}},"9":{"start":{"line":18,"column":4},"end":{"line":20,"column":5}},"10":{"start":{"line":19,"column":6},"end":{"line":19,"column":30}},"11":{"start":{"line":21,"column":4},"end":{"line":26,"column":5}},"12":{"start":{"line":21,"column":17},"end":{"line":21,"column":18}},"13":{"start":{"line":22,"column":6},"end":{"line":25,"column":7}},"14":{"start":{"line":23,"column":8},"end":{"line":23,"column":41}},"15":{"start":{"line":24,"column":8},"end":{"line":24,"column":20}},"16":{"start":{"line":27,"column":4},"end":{"line":27,"column":42}},"17":{"start":{"line":28,"column":4},"end":{"line":28,"column":16}},"18":{"start":{"line":32,"column":16},"end":{"line":32,"column":31}},"19":{"start":{"line":33,"column":4},"end":{"line":39,"column":5}},"20":{"start":{"line":34,"column":6},"end":{"line":38,"column":7}},"21":{"start":{"line":34,"column":19},"end":{"line":34,"column":20}},"22":{"start":{"line":35,"column":8},"end":{"line":37,"column":9}},"23":{"start":{"line":36,"column":10},"end":{"line":36,"column":42}},"24":{"start":{"line":40,"column":4},"end":{"line":40,"column":21}},"25":{"start":{"line":44,"column":18},"end":{"line":44,"column":20}},"26":{"start":{"line":45,"column":4},"end":{"line":51,"column":5}},"27":{"start":{"line":45,"column":17},"end":{"line":45,"column":18}},"28":{"start":{"line":46,"column":6},"end":{"line":50,"column":7}},"29":{"start":{"line":47,"column":8},"end":{"line":49,"column":9}},"30":{"start":{"line":47,"column":21},"end":{"line":47,"column":22}},"31":{"start":{"line":48,"column":10},"end":{"line":48,"column":45}},"32":{"start":{"line":52,"column":4},"end":{"line":52,"column":19}},"33":{"start":{"line":56,"column":20},"end":{"line":56,"column":22}},"34":{"start":{"line":57,"column":4},"end":{"line":63,"column":5}},"35":{"start":{"line":57,"column":17},"end":{"line":57,"column":18}},"36":{"start":{"line":58,"column":6},"end":{"line":62,"column":7}},"37":{"start":{"line":59,"column":8},"end":{"line":61,"column":9}},"38":{"start":{"line":59,"column":21},"end":{"line":59,"column":22}},"39":{"start":{"line":60,"column":10},"end":{"line":60,"column":47}},"40":{"start":{"line":64,"column":4},"end":{"line":64,"column":21}},"41":{"start":{"line":68,"column":16},"end":{"line":68,"column":31}},"42":{"start":{"line":69,"column":4},"end":{"line":76,"column":5}},"43":{"start":{"line":70,"column":6},"end":{"line":75,"column":7}},"44":{"start":{"line":70,"column":19},"end":{"line":70,"column":20}},"45":{"start":{"line":71,"column":8},"end":{"line":74,"column":9}},"46":{"start":{"line":72,"column":10},"end":{"line":72,"column":42}},"47":{"start":{"line":73,"column":10},"end":{"line":73,"column":22}},"48":{"start":{"line":77,"column":4},"end":{"line":77,"column":17}},"49":{"start":{"line":81,"column":0},"end":{"line":81,"column":27}}},"fnMap":{"0":{"name":"(anonymous_0)","decl":{"start":{"line":2,"column":2},"end":{"line":2,"column":3}},"loc":{"start":{"line":2,"column":25},"end":{"line":4,"column":3}},"line":2},"1":{"name":"(anonymous_1)","decl":{"start":{"line":6,"column":2},"end":{"line":6,"column":3}},"loc":{"start":{"line":6,"column":13},"end":{"line":14,"column":3}},"line":6},"2":{"name":"(anonymous_2)","decl":{"start":{"line":16,"column":2},"end":{"line":16,"column":3}},"loc":{"start":{"line":16,"column":18},"end":{"line":29,"column":3}},"line":16},"3":{"name":"(anonymous_3)","decl":{"start":{"line":31,"column":2},"end":{"line":31,"column":3}},"loc":{"start":{"line":31,"column":11},"end":{"line":41,"column":3}},"line":31},"4":{"name":"(anonymous_4)","decl":{"start":{"line":43,"column":2},"end":{"line":43,"column":3}},"loc":{"start":{"line":43,"column":9},"end":{"line":53,"column":3}},"line":43},"5":{"name":"(anonymous_5)","decl":{"start":{"line":55,"column":2},"end":{"line":55,"column":3}},"loc":{"start":{"line":55,"column":11},"end":{"line":65,"column":3}},"line":55},"6":{"name":"(anonymous_6)","decl":{"start":{"line":67,"column":2},"end":{"line":67,"column":3}},"loc":{"start":{"line":67,"column":14},"end":{"line":78,"column":3}},"line":67}},"branchMap":{"0":{"loc":{"start":{"line":2,"column":14},"end":{"line":2,"column":23}},"type":"default-arg","locations":[{"start":{"line":2,"column":21},"end":{"line":2,"column":23}}],"line":2},"1":{"loc":{"start":{"line":18,"column":4},"end":{"line":20,"column":5}},"type":"if","locations":[{"start":{"line":18,"column":4},"end":{"line":20,"column":5}},{"start":{},"end":{}}],"line":18},"2":{"loc":{"start":{"line":22,"column":6},"end":{"line":25,"column":7}},"type":"if","locations":[{"start":{"line":22,"column":6},"end":{"line":25,"column":7}},{"start":{},"end":{}}],"line":22},"3":{"loc":{"start":{"line":33,"column":4},"end":{"line":39,"column":5}},"type":"if","locations":[{"start":{"line":33,"column":4},"end":{"line":39,"column":5}},{"start":{},"end":{}}],"line":33},"4":{"loc":{"start":{"line":35,"column":8},"end":{"line":37,"column":9}},"type":"if","locations":[{"start":{"line":35,"column":8},"end":{"line":37,"column":9}},{"start":{},"end":{}}],"line":35},"5":{"loc":{"start":{"line":46,"column":6},"end":{"line":50,"column":7}},"type":"if","locations":[{"start":{"line":46,"column":6},"end":{"line":50,"column":7}},{"start":{},"end":{}}],"line":46},"6":{"loc":{"start":{"line":58,"column":6},"end":{"line":62,"column":7}},"type":"if","locations":[{"start":{"line":58,"column":6},"end":{"line":62,"column":7}},{"start":{},"end":{}}],"line":58},"7":{"loc":{"start":{"line":69,"column":4},"end":{"line":76,"column":5}},"type":"if","locations":[{"start":{"line":69,"column":4},"end":{"line":76,"column":5}},{"start":{},"end":{}}],"line":69},"8":{"loc":{"start":{"line":71,"column":8},"end":{"line":74,"column":9}},"type":"if","locations":[{"start":{"line":71,"column":8},"end":{"line":74,"column":9}},{"start":{},"end":{}}],"line":71}},"s":{"0":8,"1":20,"2":20,"3":20,"4":20,"5":57,"6":57,"7":20,"8":12,"9":12,"10":11,"11":12,"12":12,"13":1,"14":1,"15":1,"16":11,"17":11,"18":6,"19":6,"20":5,"21":5,"22":4,"23":4,"24":2,"25":1,"26":1,"27":1,"28":53,"29":3,"30":3,"31":3,"32":1,"33":1,"34":1,"35":1,"36":53,"37":3,"38":3,"39":3,"40":1,"41":2,"42":2,"43":1,"44":1,"45":1,"46":1,"47":1,"48":1,"49":1},"f":{"0":8,"1":20,"2":12,"3":6,"4":1,"5":1,"6":2},"b":{"0":[8],"1":[11,1],"2":[1,0],"3":[5,1],"4":[4,0],"5":[3,50],"6":[3,50],"7":[1,1],"8":[1,0]},"_coverageSchema":"1a1c01bbd47fc00a2c39e90264f33305004495a9","hash":"21a66ebefc2960e86eaf7aaaba2485178188a168"}
,"D:\\SkyNet-DSA\\queue\\PriorityQueue.js": {"path":"D:\\SkyNet-DSA\\queue\\PriorityQueue.js","statementMap":{"0":{"start":{"line":3,"column":4},"end":{"line":3,"column":20}},"1":{"start":{"line":7,"column":25},"end":{"line":7,"column":46}},"2":{"start":{"line":8,"column":16},"end":{"line":8,"column":21}},"3":{"start":{"line":10,"column":4},"end":{"line":16,"column":5}},"4":{"start":{"line":10,"column":17},"end":{"line":10,"column":18}},"5":{"start":{"line":11,"column":6},"end":{"line":15,"column":7}},"6":{"start":{"line":12,"column":8},"end":{"line":12,"column":46}},"7":{"start":{"line":13,"column":8},"end":{"line":13,"column":21}},"8":{"start":{"line":14,"column":8},"end":{"line":14,"column":14}},"9":{"start":{"line":18,"column":4},"end":{"line":20,"column":5}},"10":{"start":{"line":19,"column":6},"end":{"line":19,"column":36}},"11":{"start":{"line":24,"column":4},"end":{"line":24,"column":41}},"12":{"start":{"line":24,"column":24},"end":{"line":24,"column":41}},"13":{"start":{"line":25,"column":4},"end":{"line":25,"column":30}},"14":{"start":{"line":29,"column":4},"end":{"line":29,"column":41}},"15":{"start":{"line":29,"column":24},"end":{"line":29,"column":41}},"16":{"start":{"line":30,"column":4},"end":{"line":30,"column":25}},"17":{"start":{"line":34,"column":4},"end":{"line":34,"column":35}},"18":{"start":{"line":38,"column":4},"end":{"line":38,"column":29}},"19":{"start":{"line":42,"column":4},"end":{"line":42,"column":20}},"20":{"start":{"line":46,"column":4},"end":{"line":48,"column":6}},"21":{"start":{"line":47,"column":29},"end":{"line":47,"column":64}},"22":{"start":{"line":52,"column":0},"end":{"line":52,"column":31}}},"fnMap":{"0":{"name":"(anonymous_0)","decl":{"start":{"line":2,"column":2},"end":{"line":2,"column":3}},"loc":{"start":{"line":2,"column":16},"end":{"line":4,"column":3}},"line":2},"1":{"name":"(anonymous_1)","decl":{"start":{"line":6,"column":2},"end":{"line":6,"column":3}},"loc":{"start":{"line":6,"column":29},"end":{"line":21,"column":3}},"line":6},"2":{"name":"(anonymous_2)","decl":{"start":{"line":23,"column":2},"end":{"line":23,"column":3}},"loc":{"start":{"line":23,"column":12},"end":{"line":26,"column":3}},"line":23},"3":{"name":"(anonymous_3)","decl":{"start":{"line":28,"column":2},"end":{"line":28,"column":3}},"loc":{"start":{"line":28,"column":10},"end":{"line":31,"column":3}},"line":28},"4":{"name":"(anonymous_4)","decl":{"start":{"line":33,"column":2},"end":{"line":33,"column":3}},"loc":{"start":{"line":33,"column":12},"end":{"line":35,"column":3}},"line":33},"5":{"name":"(anonymous_5)","decl":{"start":{"line":37,"column":2},"end":{"line":37,"column":3}},"loc":{"start":{"line":37,"column":9},"end":{"line":39,"column":3}},"line":37},"6":{"name":"(anonymous_6)","decl":{"start":{"line":41,"column":2},"end":{"line":41,"column":3}},"loc":{"start":{"line":41,"column":10},"end":{"line":43,"column":3}},"line":41},"7":{"name":"(anonymous_7)","decl":{"start":{"line":45,"column":2},"end":{"line":45,"column":3}},"loc":{"start":{"line":45,"column":10},"end":{"line":49,"column":3}},"line":45},"8":{"name":"(anonymous_8)","decl":{"start":{"line":47,"column":21},"end":{"line":47,"column":22}},"loc":{"start":{"line":47,"column":29},"end":{"line":47,"column":64}},"line":47}},"branchMap":{"0":{"loc":{"start":{"line":11,"column":6},"end":{"line":15,"column":7}},"type":"if","locations":[{"start":{"line":11,"column":6},"end":{"line":15,"column":7}},{"start":{},"end":{}}],"line":11},"1":{"loc":{"start":{"line":18,"column":4},"end":{"line":20,"column":5}},"type":"if","locations":[{"start":{"line":18,"column":4},"end":{"line":20,"column":5}},{"start":{},"end":{}}],"line":18},"2":{"loc":{"start":{"line":24,"column":4},"end":{"line":24,"column":41}},"type":"if","locations":[{"start":{"line":24,"column":4},"end":{"line":24,"column":41}},{"start":{},"end":{}}],"line":24},"3":{"loc":{"start":{"line":29,"column":4},"end":{"line":29,"column":41}},"type":"if","locations":[{"start":{"line":29,"column":4},"end":{"line":29,"column":41}},{"start":{},"end":{}}],"line":29}},"s":{"0":5,"1":11,"2":11,"3":11,"4":11,"5":8,"6":4,"7":4,"8":4,"9":11,"10":7,"11":1,"12":0,"13":1,"14":0,"15":0,"16":0,"17":3,"18":2,"19":0,"20":0,"21":0,"22":1},"f":{"0":5,"1":11,"2":1,"3":0,"4":3,"5":2,"6":0,"7":0,"8":0},"b":{"0":[4,4],"1":[7,4],"2":[0,1],"3":[0,0]},"_coverageSchema":"1a1c01bbd47fc00a2c39e90264f33305004495a9","hash":"babb0e736a4e42a8a1978cb11a8d1bc67b4caae7"}
,"D:\\SkyNet-DSA\\queue\\Queue.js": {"path":"D:\\SkyNet-DSA\\queue\\Queue.js","statementMap":{"0":{"start":{"line":3,"column":4},"end":{"line":3,"column":20}},"1":{"start":{"line":7,"column":4},"end":{"line":7,"column":29}},"2":{"start":{"line":11,"column":4},"end":{"line":11,"column":41}},"3":{"start":{"line":11,"column":24},"end":{"line":11,"column":41}},"4":{"start":{"line":12,"column":4},"end":{"line":12,"column":30}},"5":{"start":{"line":16,"column":4},"end":{"line":16,"column":41}},"6":{"start":{"line":16,"column":24},"end":{"line":16,"column":41}},"7":{"start":{"line":17,"column":4},"end":{"line":17,"column":25}},"8":{"start":{"line":21,"column":4},"end":{"line":21,"column":35}},"9":{"start":{"line":25,"column":4},"end":{"line":25,"column":29}},"10":{"start":{"line":29,"column":4},"end":{"line":29,"column":20}},"11":{"start":{"line":33,"column":4},"end":{"line":33,"column":39}},"12":{"start":{"line":37,"column":0},"end":{"line":37,"column":23}}},"fnMap":{"0":{"name":"(anonymous_0)","decl":{"start":{"line":2,"column":2},"end":{"line":2,"column":3}},"loc":{"start":{"line":2,"column":16},"end":{"line":4,"column":3}},"line":2},"1":{"name":"(anonymous_1)","decl":{"start":{"line":6,"column":2},"end":{"line":6,"column":3}},"loc":{"start":{"line":6,"column":19},"end":{"line":8,"column":3}},"line":6},"2":{"name":"(anonymous_2)","decl":{"start":{"line":10,"column":2},"end":{"line":10,"column":3}},"loc":{"start":{"line":10,"column":12},"end":{"line":13,"column":3}},"line":10},"3":{"name":"(anonymous_3)","decl":{"start":{"line":15,"column":2},"end":{"line":15,"column":3}},"loc":{"start":{"line":15,"column":10},"end":{"line":18,"column":3}},"line":15},"4":{"name":"(anonymous_4)","decl":{"start":{"line":20,"column":2},"end":{"line":20,"column":3}},"loc":{"start":{"line":20,"column":12},"end":{"line":22,"column":3}},"line":20},"5":{"name":"(anonymous_5)","decl":{"start":{"line":24,"column":2},"end":{"line":24,"column":3}},"loc":{"start":{"line":24,"column":9},"end":{"line":26,"column":3}},"line":24},"6":{"name":"(anonymous_6)","decl":{"start":{"line":28,"column":2},"end":{"line":28,"column":3}},"loc":{"start":{"line":28,"column":10},"end":{"line":30,"column":3}},"line":28},"7":{"name":"(anonymous_7)","decl":{"start":{"line":32,"column":2},"end":{"line":32,"column":3}},"loc":{"start":{"line":32,"column":10},"end":{"line":34,"column":3}},"line":32}},"branchMap":{"0":{"loc":{"start":{"line":11,"column":4},"end":{"line":11,"column":41}},"type":"if","locations":[{"start":{"line":11,"column":4},"end":{"line":11,"column":41}},{"start":{},"end":{}}],"line":11},"1":{"loc":{"start":{"line":16,"column":4},"end":{"line":16,"column":41}},"type":"if","locations":[{"start":{"line":16,"column":4},"end":{"line":16,"column":41}},{"start":{},"end":{}}],"line":16}},"s":{"0":7,"1":12,"2":3,"3":1,"4":2,"5":1,"6":0,"7":1,"8":7,"9":4,"10":1,"11":0,"12":1},"f":{"0":7,"1":12,"2":3,"3":1,"4":7,"5":4,"6":1,"7":0},"b":{"0":[1,2],"1":[0,1]},"_coverageSchema":"1a1c01bbd47fc00a2c39e90264f33305004495a9","hash":"f3b8c40887e0c9b24c7958abe7fea82d528ca44a"}
,"D:\\SkyNet-DSA\\stack\\Stack.js": {"path":"D:\\SkyNet-DSA\\stack\\Stack.js","statementMap":{"0":{"start":{"line":3,"column":4},"end":{"line":3,"column":20}},"1":{"start":{"line":7,"column":4},"end":{"line":7,"column":29}},"2":{"start":{"line":11,"column":4},"end":{"line":11,"column":41}},"3":{"start":{"line":11,"column":24},"end":{"line":11,"column":41}},"4":{"start":{"line":12,"column":4},"end":{"line":12,"column":28}},"5":{"start":{"line":16,"column":4},"end":{"line":16,"column":41}},"6":{"start":{"line":16,"column":24},"end":{"line":16,"column":41}},"7":{"start":{"line":17,"column":4},"end":{"line":17,"column":45}},"8":{"start":{"line":21,"column":4},"end":{"line":21,"column":35}},"9":{"start":{"line":25,"column":4},"end":{"line":25,"column":29}},"10":{"start":{"line":29,"column":4},"end":{"line":29,"column":20}},"11":{"start":{"line":33,"column":4},"end":{"line":33,"column":39}},"12":{"start":{"line":37,"column":0},"end":{"line":37,"column":23}}},"fnMap":{"0":{"name":"(anonymous_0)","decl":{"start":{"line":2,"column":2},"end":{"line":2,"column":3}},"loc":{"start":{"line":2,"column":16},"end":{"line":4,"column":3}},"line":2},"1":{"name":"(anonymous_1)","decl":{"start":{"line":6,"column":2},"end":{"line":6,"column":3}},"loc":{"start":{"line":6,"column":16},"end":{"line":8,"column":3}},"line":6},"2":{"name":"(anonymous_2)","decl":{"start":{"line":10,"column":2},"end":{"line":10,"column":3}},"loc":{"start":{"line":10,"column":8},"end":{"line":13,"column":3}},"line":10},"3":{"name":"(anonymous_3)","decl":{"start":{"line":15,"column":2},"end":{"line":15,"column":3}},"loc":{"start":{"line":15,"column":9},"end":{"line":18,"column":3}},"line":15},"4":{"name":"(anonymous_4)","decl":{"start":{"line":20,"column":2},"end":{"line":20,"column":3}},"loc":{"start":{"line":20,"column":12},"end":{"line":22,"column":3}},"line":20},"5":{"name":"(anonymous_5)","decl":{"start":{"line":24,"column":2},"end":{"line":24,"column":3}},"loc":{"start":{"line":24,"column":9},"end":{"line":26,"column":3}},"line":24},"6":{"name":"(anonymous_6)","decl":{"start":{"line":28,"column":2},"end":{"line":28,"column":3}},"loc":{"start":{"line":28,"column":10},"end":{"line":30,"column":3}},"line":28},"7":{"name":"(anonymous_7)","decl":{"start":{"line":32,"column":2},"end":{"line":32,"column":3}},"loc":{"start":{"line":32,"column":10},"end":{"line":34,"column":3}},"line":32}},"branchMap":{"0":{"loc":{"start":{"line":11,"column":4},"end":{"line":11,"column":41}},"type":"if","locations":[{"start":{"line":11,"column":4},"end":{"line":11,"column":41}},{"start":{},"end":{}}],"line":11},"1":{"loc":{"start":{"line":16,"column":4},"end":{"line":16,"column":41}},"type":"if","locations":[{"start":{"line":16,"column":4},"end":{"line":16,"column":41}},{"start":{},"end":{}}],"line":16}},"s":{"0":7,"1":13,"2":3,"3":1,"4":2,"5":1,"6":0,"7":1,"8":7,"9":4,"10":1,"11":0,"12":1},"f":{"0":7,"1":13,"2":3,"3":1,"4":7,"5":4,"6":1,"7":0},"b":{"0":[1,2],"1":[0,1]},"_coverageSchema":"1a1c01bbd47fc00a2c39e90264f33305004495a9","hash":"72557097312bb6bf391c0f75aa319a4b3f0bd17a"}
,"D:\\SkyNet-DSA\\tree\\BST.js": {"path":"D:\\SkyNet-DSA\\tree\\BST.js","statementMap":{"0":{"start":{"line":3,"column":4},"end":{"line":3,"column":23}},"1":{"start":{"line":4,"column":4},"end":{"line":4,"column":21}},"2":{"start":{"line":5,"column":4},"end":{"line":5,"column":22}},"3":{"start":{"line":11,"column":4},"end":{"line":11,"column":21}},"4":{"start":{"line":15,"column":20},"end":{"line":15,"column":35}},"5":{"start":{"line":16,"column":4},"end":{"line":19,"column":5}},"6":{"start":{"line":17,"column":6},"end":{"line":17,"column":26}},"7":{"start":{"line":18,"column":6},"end":{"line":18,"column":18}},"8":{"start":{"line":20,"column":18},"end":{"line":20,"column":27}},"9":{"start":{"line":21,"column":4},"end":{"line":36,"column":5}},"10":{"start":{"line":22,"column":6},"end":{"line":22,"column":52}},"11":{"start":{"line":22,"column":35},"end":{"line":22,"column":52}},"12":{"start":{"line":23,"column":6},"end":{"line":35,"column":7}},"13":{"start":{"line":24,"column":8},"end":{"line":27,"column":9}},"14":{"start":{"line":25,"column":10},"end":{"line":25,"column":33}},"15":{"start":{"line":26,"column":10},"end":{"line":26,"column":22}},"16":{"start":{"line":28,"column":8},"end":{"line":28,"column":31}},"17":{"start":{"line":30,"column":8},"end":{"line":33,"column":9}},"18":{"start":{"line":31,"column":10},"end":{"line":31,"column":34}},"19":{"start":{"line":32,"column":10},"end":{"line":32,"column":22}},"20":{"start":{"line":34,"column":8},"end":{"line":34,"column":32}},"21":{"start":{"line":40,"column":18},"end":{"line":40,"column":27}},"22":{"start":{"line":41,"column":4},"end":{"line":48,"column":5}},"23":{"start":{"line":42,"column":6},"end":{"line":42,"column":47}},"24":{"start":{"line":42,"column":35},"end":{"line":42,"column":47}},"25":{"start":{"line":43,"column":6},"end":{"line":47,"column":7}},"26":{"start":{"line":44,"column":8},"end":{"line":44,"column":31}},"27":{"start":{"line":46,"column":8},"end":{"line":46,"column":32}},"28":{"start":{"line":49,"column":4},"end":{"line":49,"column":17}},"29":{"start":{"line":53,"column":4},"end":{"line":57,"column":5}},"30":{"start":{"line":54,"column":6},"end":{"line":54,"column":38}},"31":{"start":{"line":55,"column":6},"end":{"line":55,"column":30}},"32":{"start":{"line":56,"column":6},"end":{"line":56,"column":39}},"33":{"start":{"line":58,"column":4},"end":{"line":58,"column":18}},"34":{"start":{"line":62,"column":4},"end":{"line":66,"column":5}},"35":{"start":{"line":63,"column":6},"end":{"line":63,"column":30}},"36":{"start":{"line":64,"column":6},"end":{"line":64,"column":39}},"37":{"start":{"line":65,"column":6},"end":{"line":65,"column":40}},"38":{"start":{"line":67,"column":4},"end":{"line":67,"column":18}},"39":{"start":{"line":71,"column":4},"end":{"line":75,"column":5}},"40":{"start":{"line":72,"column":6},"end":{"line":72,"column":40}},"41":{"start":{"line":73,"column":6},"end":{"line":73,"column":41}},"42":{"start":{"line":74,"column":6},"end":{"line":74,"column":30}},"43":{"start":{"line":76,"column":4},"end":{"line":76,"column":18}},"44":{"start":{"line":80,"column":4},"end":{"line":80,"column":51}},"45":{"start":{"line":81,"column":4},"end":{"line":81,"column":16}},"46":{"start":{"line":85,"column":4},"end":{"line":85,"column":35}},"47":{"start":{"line":85,"column":23},"end":{"line":85,"column":35}},"48":{"start":{"line":87,"column":4},"end":{"line":107,"column":5}},"49":{"start":{"line":88,"column":6},"end":{"line":88,"column":53}},"50":{"start":{"line":89,"column":6},"end":{"line":89,"column":18}},"51":{"start":{"line":90,"column":11},"end":{"line":107,"column":5}},"52":{"start":{"line":91,"column":6},"end":{"line":91,"column":55}},"53":{"start":{"line":92,"column":6},"end":{"line":92,"column":18}},"54":{"start":{"line":94,"column":6},"end":{"line":96,"column":7}},"55":{"start":{"line":95,"column":8},"end":{"line":95,"column":20}},"56":{"start":{"line":97,"column":6},"end":{"line":97,"column":48}},"57":{"start":{"line":97,"column":30},"end":{"line":97,"column":48}},"58":{"start":{"line":98,"column":6},"end":{"line":98,"column":48}},"59":{"start":{"line":98,"column":31},"end":{"line":98,"column":48}},"60":{"start":{"line":100,"column":21},"end":{"line":100,"column":31}},"61":{"start":{"line":101,"column":6},"end":{"line":103,"column":7}},"62":{"start":{"line":102,"column":8},"end":{"line":102,"column":33}},"63":{"start":{"line":104,"column":6},"end":{"line":104,"column":34}},"64":{"start":{"line":105,"column":6},"end":{"line":105,"column":64}},"65":{"start":{"line":106,"column":6},"end":{"line":106,"column":18}},"66":{"start":{"line":111,"column":0},"end":{"line":111,"column":21}}},"fnMap":{"0":{"name":"(anonymous_0)","decl":{"start":{"line":2,"column":2},"end":{"line":2,"column":3}},"loc":{"start":{"line":2,"column":21},"end":{"line":6,"column":3}},"line":2},"1":{"name":"(anonymous_1)","decl":{"start":{"line":10,"column":2},"end":{"line":10,"column":3}},"loc":{"start":{"line":10,"column":16},"end":{"line":12,"column":3}},"line":10},"2":{"name":"(anonymous_2)","decl":{"start":{"line":14,"column":2},"end":{"line":14,"column":3}},"loc":{"start":{"line":14,"column":16},"end":{"line":37,"column":3}},"line":14},"3":{"name":"(anonymous_3)","decl":{"start":{"line":39,"column":2},"end":{"line":39,"column":3}},"loc":{"start":{"line":39,"column":16},"end":{"line":50,"column":3}},"line":39},"4":{"name":"(anonymous_4)","decl":{"start":{"line":52,"column":2},"end":{"line":52,"column":3}},"loc":{"start":{"line":52,"column":41},"end":{"line":59,"column":3}},"line":52},"5":{"name":"(anonymous_5)","decl":{"start":{"line":61,"column":2},"end":{"line":61,"column":3}},"loc":{"start":{"line":61,"column":42},"end":{"line":68,"column":3}},"line":61},"6":{"name":"(anonymous_6)","decl":{"start":{"line":70,"column":2},"end":{"line":70,"column":3}},"loc":{"start":{"line":70,"column":43},"end":{"line":77,"column":3}},"line":70},"7":{"name":"(anonymous_7)","decl":{"start":{"line":79,"column":2},"end":{"line":79,"column":3}},"loc":{"start":{"line":79,"column":16},"end":{"line":82,"column":3}},"line":79},"8":{"name":"(anonymous_8)","decl":{"start":{"line":84,"column":2},"end":{"line":84,"column":3}},"loc":{"start":{"line":84,"column":27},"end":{"line":108,"column":3}},"line":84}},"branchMap":{"0":{"loc":{"start":{"line":16,"column":4},"end":{"line":19,"column":5}},"type":"if","locations":[{"start":{"line":16,"column":4},"end":{"line":19,"column":5}},{"start":{},"end":{}}],"line":16},"1":{"loc":{"start":{"line":22,"column":6},"end":{"line":22,"column":52}},"type":"if","locations":[{"start":{"line":22,"column":6},"end":{"line":22,"column":52}},{"start":{},"end":{}}],"line":22},"2":{"loc":{"start":{"line":23,"column":6},"end":{"line":35,"column":7}},"type":"if","locations":[{"start":{"line":23,"column":6},"end":{"line":35,"column":7}},{"start":{"line":29,"column":13},"end":{"line":35,"column":7}}],"line":23},"3":{"loc":{"start":{"line":24,"column":8},"end":{"line":27,"column":9}},"type":"if","locations":[{"start":{"line":24,"column":8},"end":{"line":27,"column":9}},{"start":{},"end":{}}],"line":24},"4":{"loc":{"start":{"line":30,"column":8},"end":{"line":33,"column":9}},"type":"if","locations":[{"start":{"line":30,"column":8},"end":{"line":33,"column":9}},{"start":{},"end":{}}],"line":30},"5":{"loc":{"start":{"line":42,"column":6},"end":{"line":42,"column":47}},"type":"if","locations":[{"start":{"line":42,"column":6},"end":{"line":42,"column":47}},{"start":{},"end":{}}],"line":42},"6":{"loc":{"start":{"line":43,"column":6},"end":{"line":47,"column":7}},"type":"if","locations":[{"start":{"line":43,"column":6},"end":{"line":47,"column":7}},{"start":{"line":45,"column":13},"end":{"line":47,"column":7}}],"line":43},"7":{"loc":{"start":{"line":52,"column":10},"end":{"line":52,"column":26}},"type":"default-arg","locations":[{"start":{"line":52,"column":17},"end":{"line":52,"column":26}}],"line":52},"8":{"loc":{"start":{"line":52,"column":28},"end":{"line":52,"column":39}},"type":"default-arg","locations":[{"start":{"line":52,"column":37},"end":{"line":52,"column":39}}],"line":52},"9":{"loc":{"start":{"line":53,"column":4},"end":{"line":57,"column":5}},"type":"if","locations":[{"start":{"line":53,"column":4},"end":{"line":57,"column":5}},{"start":{},"end":{}}],"line":53},"10":{"loc":{"start":{"line":61,"column":11},"end":{"line":61,"column":27}},"type":"default-arg","locations":[{"start":{"line":61,"column":18},"end":{"line":61,"column":27}}],"line":61},"11":{"loc":{"start":{"line":61,"column":29},"end":{"line":61,"column":40}},"type":"default-arg","locations":[{"start":{"line":61,"column":38},"end":{"line":61,"column":40}}],"line":61},"12":{"loc":{"start":{"line":62,"column":4},"end":{"line":66,"column":5}},"type":"if","locations":[{"start":{"line":62,"column":4},"end":{"line":66,"column":5}},{"start":{},"end":{}}],"line":62},"13":{"loc":{"start":{"line":70,"column":12},"end":{"line":70,"column":28}},"type":"default-arg","locations":[{"start":{"line":70,"column":19},"end":{"line":70,"column":28}}],"line":70},"14":{"loc":{"start":{"line":70,"column":30},"end":{"line":70,"column":41}},"type":"default-arg","locations":[{"start":{"line":70,"column":39},"end":{"line":70,"column":41}}],"line":70},"15":{"loc":{"start":{"line":71,"column":4},"end":{"line":75,"column":5}},"type":"if","locations":[{"start":{"line":71,"column":4},"end":{"line":75,"column":5}},{"start":{},"end":{}}],"line":71},"16":{"loc":{"start":{"line":85,"column":4},"end":{"line":85,"column":35}},"type":"if","locations":[{"start":{"line":85,"column":4},"end":{"line":85,"column":35}},{"start":{},"end":{}}],"line":85},"17":{"loc":{"start":{"line":87,"column":4},"end":{"line":107,"column":5}},"type":"if","locations":[{"start":{"line":87,"column":4},"end":{"line":107,"column":5}},{"start":{"line":90,"column":11},"end":{"line":107,"column":5}}],"line":87},"18":{"loc":{"start":{"line":90,"column":11},"end":{"line":107,"column":5}},"type":"if","locations":[{"start":{"line":90,"column":11},"end":{"line":107,"column":5}},{"start":{"line":93,"column":11},"end":{"line":107,"column":5}}],"line":90},"19":{"loc":{"start":{"line":94,"column":6},"end":{"line":96,"column":7}},"type":"if","locations":[{"start":{"line":94,"column":6},"end":{"line":96,"column":7}},{"start":{},"end":{}}],"line":94},"20":{"loc":{"start":{"line":94,"column":10},"end":{"line":94,"column":51}},"type":"binary-expr","locations":[{"start":{"line":94,"column":10},"end":{"line":94,"column":28}},{"start":{"line":94,"column":32},"end":{"line":94,"column":51}}],"line":94},"21":{"loc":{"start":{"line":97,"column":6},"end":{"line":97,"column":48}},"type":"if","locations":[{"start":{"line":97,"column":6},"end":{"line":97,"column":48}},{"start":{},"end":{}}],"line":97},"22":{"loc":{"start":{"line":98,"column":6},"end":{"line":98,"column":48}},"type":"if","locations":[{"start":{"line":98,"column":6},"end":{"line":98,"column":48}},{"start":{},"end":{}}],"line":98}},"s":{"0":32,"1":32,"2":32,"3":8,"4":32,"5":32,"6":7,"7":7,"8":25,"9":25,"10":37,"11":1,"12":36,"13":20,"14":12,"15":12,"16":8,"17":16,"18":12,"19":12,"20":4,"21":4,"22":4,"23":7,"24":1,"25":6,"26":3,"27":3,"28":3,"29":29,"30":13,"31":13,"32":13,"33":29,"34":11,"35":5,"36":5,"37":5,"38":11,"39":11,"40":5,"41":5,"42":5,"43":11,"44":1,"45":1,"46":3,"47":0,"48":3,"49":1,"50":1,"51":2,"52":0,"53":0,"54":2,"55":1,"56":1,"57":0,"58":1,"59":0,"60":1,"61":1,"62":0,"63":1,"64":1,"65":1,"66":1},"f":{"0":32,"1":8,"2":32,"3":4,"4":29,"5":11,"6":11,"7":1,"8":3},"b":{"0":[7,25],"1":[1,36],"2":[20,16],"3":[12,8],"4":[12,4],"5":[1,6],"6":[3,3],"7":[3],"8":[3],"9":[13,16],"10":[1],"11":[1],"12":[5,6],"13":[1],"14":[1],"15":[5,6],"16":[0,3],"17":[1,2],"18":[0,2],"19":[1,1],"20":[2,1],"21":[0,1],"22":[0,1]},"_coverageSchema":"1a1c01bbd47fc00a2c39e90264f33305004495a9","hash":"9ffaf0c0fd3402fb246d44b6c64b6161dd38b650"}
}
