TN:
SF:graph\Dijkstra.js
FN:2,(anonymous_0)
FN:43,(anonymous_1)
FNF:2
FNH:2
FNDA:4,(anonymous_0)
FNDA:2,(anonymous_1)
DA:3,4
DA:4,4
DA:5,4
DA:7,4
DA:8,15
DA:9,15
DA:12,4
DA:13,15
DA:14,15
DA:16,15
DA:17,63
DA:18,15
DA:19,15
DA:23,15
DA:24,13
DA:26,13
DA:27,30
DA:28,30
DA:30,30
DA:31,15
DA:32,15
DA:33,15
DA:34,15
DA:40,4
DA:44,2
DA:45,2
DA:47,2
DA:48,5
DA:49,5
DA:52,2
DA:56,1
LF:31
LH:31
BRDA:8,0,0,4
BRDA:8,0,1,11
BRDA:17,1,0,15
BRDA:17,1,1,48
BRDA:17,2,0,63
BRDA:17,2,1,39
BRDA:23,3,0,2
BRDA:23,3,1,13
BRDA:30,4,0,15
BRDA:30,4,1,15
BRDA:32,5,0,15
BRDA:32,5,1,0
BRDA:52,6,0,1
BRDA:52,6,1,1
BRF:14
BRH:13
end_of_record
TN:
SF:graph\Graph.js
FN:2,(anonymous_0)
FN:8,(anonymous_1)
FN:15,(anonymous_2)
FN:30,(anonymous_3)
FN:34,(anonymous_4)
FN:38,(anonymous_5)
FNF:6
FNH:5
FNDA:20,(anonymous_0)
FNDA:62,(anonymous_1)
FNDA:62,(anonymous_2)
FNDA:41,(anonymous_3)
FNDA:22,(anonymous_4)
FNDA:0,(anonymous_5)
DA:3,20
DA:4,20
DA:5,20
DA:9,62
DA:10,61
DA:11,61
DA:16,62
DA:17,3
DA:19,62
DA:20,4
DA:23,62
DA:25,62
DA:26,61
DA:31,41
DA:35,22
DA:39,0
DA:40,0
DA:41,0
DA:42,0
DA:43,0
DA:45,0
DA:47,0
DA:51,3
LF:23
LH:16
BRDA:2,0,0,19
BRDA:9,1,0,61
BRDA:9,1,1,1
BRDA:15,2,0,0
BRDA:16,3,0,3
BRDA:16,3,1,59
BRDA:19,4,0,4
BRDA:19,4,1,58
BRDA:25,5,0,61
BRDA:25,5,1,1
BRF:10
BRH:9
end_of_record
TN:
SF:graph\Kruskal.js
FN:2,(anonymous_0)
FN:3,(anonymous_1)
FN:7,(anonymous_2)
FN:14,(anonymous_3)
FN:33,(anonymous_4)
FN:34,(anonymous_5)
FNF:6
FNH:6
FNDA:5,(anonymous_0)
FNDA:23,(anonymous_1)
FNDA:84,(anonymous_2)
FNDA:28,(anonymous_3)
FNDA:5,(anonymous_4)
FNDA:48,(anonymous_5)
DA:3,23
DA:4,5
DA:8,84
DA:9,28
DA:11,84
DA:15,28
DA:16,28
DA:18,28
DA:20,16
DA:21,4
DA:22,12
DA:23,0
DA:25,12
DA:26,12
DA:28,16
DA:34,48
DA:36,5
DA:37,5
DA:38,5
DA:40,5
DA:41,28
DA:42,16
DA:43,16
DA:47,5
DA:51,1
LF:25
LH:24
BRDA:8,0,0,28
BRDA:8,0,1,56
BRDA:18,1,0,12
BRDA:18,1,1,16
BRDA:20,2,0,4
BRDA:20,2,1,12
BRDA:22,3,0,0
BRDA:22,3,1,12
BRDA:41,4,0,16
BRDA:41,4,1,12
BRF:10
BRH:9
end_of_record
TN:
SF:graph\Prim.js
FN:2,(anonymous_0)
FNF:1
FNH:1
FNDA:4,(anonymous_0)
DA:3,4
DA:4,4
DA:6,3
DA:7,3
DA:8,3
DA:9,3
DA:10,3
DA:12,3
DA:13,11
DA:14,11
DA:15,11
DA:18,3
DA:20,3
DA:21,8
DA:22,8
DA:24,8
DA:25,40
DA:26,10
DA:27,10
DA:31,8
DA:32,8
DA:34,8
DA:35,24
DA:36,24
DA:38,24
DA:39,14
DA:40,14
DA:45,3
DA:46,11
DA:47,8
DA:48,8
DA:52,3
DA:56,1
LF:33
LH:33
BRDA:4,0,0,1
BRDA:4,0,1,3
BRDA:25,1,0,10
BRDA:25,1,1,30
BRDA:25,2,0,40
BRDA:25,2,1,28
BRDA:31,3,0,0
BRDA:31,3,1,8
BRDA:38,4,0,14
BRDA:38,4,1,10
BRDA:38,5,0,24
BRDA:38,5,1,14
BRDA:46,6,0,8
BRDA:46,6,1,3
BRF:14
BRH:13
end_of_record
TN:
SF:hashing\HashTable.js
FN:2,(anonymous_0)
FN:6,(anonymous_1)
FN:16,(anonymous_2)
FN:31,(anonymous_3)
FN:43,(anonymous_4)
FN:55,(anonymous_5)
FN:67,(anonymous_6)
FNF:7
FNH:7
FNDA:8,(anonymous_0)
FNDA:20,(anonymous_1)
FNDA:12,(anonymous_2)
FNDA:6,(anonymous_3)
FNDA:1,(anonymous_4)
FNDA:1,(anonymous_5)
FNDA:2,(anonymous_6)
DA:3,8
DA:7,20
DA:8,20
DA:9,20
DA:10,57
DA:11,57
DA:13,20
DA:17,12
DA:18,12
DA:19,11
DA:21,12
DA:22,1
DA:23,1
DA:24,1
DA:27,11
DA:28,11
DA:32,6
DA:33,6
DA:34,5
DA:35,4
DA:36,4
DA:40,2
DA:44,1
DA:45,1
DA:46,53
DA:47,3
DA:48,3
DA:52,1
DA:56,1
DA:57,1
DA:58,53
DA:59,3
DA:60,3
DA:64,1
DA:68,2
DA:69,2
DA:70,1
DA:71,1
DA:72,1
DA:73,1
DA:77,1
DA:81,1
LF:42
LH:42
BRDA:2,0,0,8
BRDA:18,1,0,11
BRDA:18,1,1,1
BRDA:22,2,0,1
BRDA:22,2,1,0
BRDA:33,3,0,5
BRDA:33,3,1,1
BRDA:35,4,0,4
BRDA:35,4,1,0
BRDA:46,5,0,3
BRDA:46,5,1,50
BRDA:58,6,0,3
BRDA:58,6,1,50
BRDA:69,7,0,1
BRDA:69,7,1,1
BRDA:71,8,0,1
BRDA:71,8,1,0
BRF:17
BRH:14
end_of_record
TN:
SF:queue\PriorityQueue.js
FN:2,(anonymous_0)
FN:6,(anonymous_1)
FN:23,(anonymous_2)
FN:28,(anonymous_3)
FN:33,(anonymous_4)
FN:37,(anonymous_5)
FN:41,(anonymous_6)
FN:45,(anonymous_7)
FN:47,(anonymous_8)
FNF:9
FNH:5
FNDA:5,(anonymous_0)
FNDA:11,(anonymous_1)
FNDA:1,(anonymous_2)
FNDA:0,(anonymous_3)
FNDA:3,(anonymous_4)
FNDA:2,(anonymous_5)
FNDA:0,(anonymous_6)
FNDA:0,(anonymous_7)
FNDA:0,(anonymous_8)
DA:3,5
DA:7,11
DA:8,11
DA:10,11
DA:11,8
DA:12,4
DA:13,4
DA:14,4
DA:18,11
DA:19,7
DA:24,1
DA:25,1
DA:29,0
DA:30,0
DA:34,3
DA:38,2
DA:42,0
DA:46,0
DA:47,0
DA:52,1
LF:20
LH:15
BRDA:11,0,0,4
BRDA:11,0,1,4
BRDA:18,1,0,7
BRDA:18,1,1,4
BRDA:24,2,0,0
BRDA:24,2,1,1
BRDA:29,3,0,0
BRDA:29,3,1,0
BRF:8
BRH:5
end_of_record
TN:
SF:queue\Queue.js
FN:2,(anonymous_0)
FN:6,(anonymous_1)
FN:10,(anonymous_2)
FN:15,(anonymous_3)
FN:20,(anonymous_4)
FN:24,(anonymous_5)
FN:28,(anonymous_6)
FN:32,(anonymous_7)
FNF:8
FNH:7
FNDA:7,(anonymous_0)
FNDA:12,(anonymous_1)
FNDA:3,(anonymous_2)
FNDA:1,(anonymous_3)
FNDA:7,(anonymous_4)
FNDA:4,(anonymous_5)
FNDA:1,(anonymous_6)
FNDA:0,(anonymous_7)
DA:3,7
DA:7,12
DA:11,3
DA:12,2
DA:16,1
DA:17,1
DA:21,7
DA:25,4
DA:29,1
DA:33,0
DA:37,1
LF:11
LH:10
BRDA:11,0,0,1
BRDA:11,0,1,2
BRDA:16,1,0,0
BRDA:16,1,1,1
BRF:4
BRH:3
end_of_record
TN:
SF:stack\Stack.js
FN:2,(anonymous_0)
FN:6,(anonymous_1)
FN:10,(anonymous_2)
FN:15,(anonymous_3)
FN:20,(anonymous_4)
FN:24,(anonymous_5)
FN:28,(anonymous_6)
FN:32,(anonymous_7)
FNF:8
FNH:7
FNDA:7,(anonymous_0)
FNDA:13,(anonymous_1)
FNDA:3,(anonymous_2)
FNDA:1,(anonymous_3)
FNDA:7,(anonymous_4)
FNDA:4,(anonymous_5)
FNDA:1,(anonymous_6)
FNDA:0,(anonymous_7)
DA:3,7
DA:7,13
DA:11,3
DA:12,2
DA:16,1
DA:17,1
DA:21,7
DA:25,4
DA:29,1
DA:33,0
DA:37,1
LF:11
LH:10
BRDA:11,0,0,1
BRDA:11,0,1,2
BRDA:16,1,0,0
BRDA:16,1,1,1
BRF:4
BRH:3
end_of_record
TN:
SF:tree\BST.js
FN:2,(anonymous_0)
FN:10,(anonymous_1)
FN:14,(anonymous_2)
FN:39,(anonymous_3)
FN:52,(anonymous_4)
FN:61,(anonymous_5)
FN:70,(anonymous_6)
FN:79,(anonymous_7)
FN:84,(anonymous_8)
FNF:9
FNH:9
FNDA:32,(anonymous_0)
FNDA:8,(anonymous_1)
FNDA:32,(anonymous_2)
FNDA:4,(anonymous_3)
FNDA:29,(anonymous_4)
FNDA:11,(anonymous_5)
FNDA:11,(anonymous_6)
FNDA:1,(anonymous_7)
FNDA:3,(anonymous_8)
DA:3,32
DA:4,32
DA:5,32
DA:11,8
DA:15,32
DA:16,32
DA:17,7
DA:18,7
DA:20,25
DA:21,25
DA:22,37
DA:23,36
DA:24,20
DA:25,12
DA:26,12
DA:28,8
DA:30,16
DA:31,12
DA:32,12
DA:34,4
DA:40,4
DA:41,4
DA:42,7
DA:43,6
DA:44,3
DA:46,3
DA:49,3
DA:53,29
DA:54,13
DA:55,13
DA:56,13
DA:58,29
DA:62,11
DA:63,5
DA:64,5
DA:65,5
DA:67,11
DA:71,11
DA:72,5
DA:73,5
DA:74,5
DA:76,11
DA:80,1
DA:81,1
DA:85,3
DA:87,3
DA:88,1
DA:89,1
DA:90,2
DA:91,0
DA:92,0
DA:94,2
DA:95,1
DA:97,1
DA:98,1
DA:100,1
DA:101,1
DA:102,0
DA:104,1
DA:105,1
DA:106,1
DA:111,1
LF:62
LH:59
BRDA:16,0,0,7
BRDA:16,0,1,25
BRDA:22,1,0,1
BRDA:22,1,1,36
BRDA:23,2,0,20
BRDA:23,2,1,16
BRDA:24,3,0,12
BRDA:24,3,1,8
BRDA:30,4,0,12
BRDA:30,4,1,4
BRDA:42,5,0,1
BRDA:42,5,1,6
BRDA:43,6,0,3
BRDA:43,6,1,3
BRDA:52,7,0,3
BRDA:52,8,0,3
BRDA:53,9,0,13
BRDA:53,9,1,16
BRDA:61,10,0,1
BRDA:61,11,0,1
BRDA:62,12,0,5
BRDA:62,12,1,6
BRDA:70,13,0,1
BRDA:70,14,0,1
BRDA:71,15,0,5
BRDA:71,15,1,6
BRDA:85,16,0,0
BRDA:85,16,1,3
BRDA:87,17,0,1
BRDA:87,17,1,2
BRDA:90,18,0,0
BRDA:90,18,1,2
BRDA:94,19,0,1
BRDA:94,19,1,1
BRDA:94,20,0,2
BRDA:94,20,1,1
BRDA:97,21,0,0
BRDA:97,21,1,1
BRDA:98,22,0,0
BRDA:98,22,1,1
BRF:40
BRH:36
end_of_record
